<?xml version="1.0" encoding="UTF-8"?>
<!-- Generated by org.testng.reporters.JUnitXMLReporter -->
<testsuite hostname="DESKTOP-DSBJOCJ" ignored="0" name="Default test" tests="3" failures="0" timestamp="2020-07-26T20:42:32 CEST" time="24.132" errors="0">
  <testcase name="logIn" time="5.235" classname="test.CreateWishlistTest"/>
  <testcase name="cretewishlist" time="5.391" classname="test.CreateWishlistTest"/>
  <testcase name="countwishlist" time="0.035" classname="test.CreateWishlistTest"/>
</testsuite> <!-- Default test -->
