<?xml version="1.0" encoding="UTF-8"?>
<testng-results skipped="0" failed="0" ignored="0" total="2" passed="2">
  <reporter-output>
  </reporter-output>
  <suite name="Default suite" duration-ms="17818" started-at="2020-08-23T22:05:27 CEST" finished-at="2020-08-23T22:05:45 CEST">
    <groups>
    </groups>
    <test name="Default test" duration-ms="17818" started-at="2020-08-23T22:05:27 CEST" finished-at="2020-08-23T22:05:45 CEST">
      <class name="test.DeleteWishlistTest">
        <test-method status="PASS" signature="setUp()[pri:0, instance:test.DeleteWishlistTest@a7e666]" name="setUp" is-config="true" duration-ms="11490" started-at="2020-08-23T22:05:27 CEST" finished-at="2020-08-23T22:05:39 CEST">
          <reporter-output>
          </reporter-output>
        </test-method> <!-- setUp -->
        <test-method status="PASS" signature="logIn()[pri:1, instance:test.DeleteWishlistTest@a7e666]" name="logIn" duration-ms="5388" started-at="2020-08-23T22:05:39 CEST" finished-at="2020-08-23T22:05:44 CEST">
          <reporter-output>
          </reporter-output>
        </test-method> <!-- logIn -->
        <test-method status="PASS" signature="delete()[pri:2, instance:test.DeleteWishlistTest@a7e666]" name="delete" duration-ms="134" started-at="2020-08-23T22:05:44 CEST" finished-at="2020-08-23T22:05:44 CEST">
          <reporter-output>
          </reporter-output>
        </test-method> <!-- delete -->
        <test-method status="PASS" signature="tearDown()[pri:0, instance:test.DeleteWishlistTest@a7e666]" name="tearDown" is-config="true" duration-ms="737" started-at="2020-08-23T22:05:44 CEST" finished-at="2020-08-23T22:05:45 CEST">
          <reporter-output>
          </reporter-output>
        </test-method> <!-- tearDown -->
      </class> <!-- test.DeleteWishlistTest -->
    </test> <!-- Default test -->
  </suite> <!-- Default suite -->
</testng-results>
